This file contains any messages produced by compilers while
running configure, to aid debugging if configure makes a mistake.

It was created by configure, which was
generated by GNU Autoconf 2.60.  Invocation command line was

  $ ./configure 

## --------- ##
## Platform. ##
## --------- ##

hostname = h91.65.225.10.10006.vlan.kuins.net
uname -m = x86_64
uname -r = 21.4.0
uname -s = Darwin
uname -v = Darwin Kernel Version 21.4.0: Fri Mar 18 00:45:05 PDT 2022; root:xnu-8020.101.4~15/RELEASE_X86_64

/usr/bin/uname -p = i386
/bin/uname -X     = unknown

/bin/arch              = unknown
/usr/bin/arch -k       = unknown
/usr/convex/getsysinfo = unknown
/usr/bin/hostinfo      = Mach kernel version:
	 Darwin Kernel Version 21.4.0: Fri Mar 18 00:45:05 PDT 2022; root:xnu-8020.101.4~15/RELEASE_X86_64
Kernel configured for up to 8 processors.
4 processors are physically available.
8 processors are logically available.
Processor type: x86_64h (Intel x86-64h Haswell)
Processors active: 0 1 2 3 4 5 6 7
Primary memory available: 64.00 gigabytes
Default processor set: 581 tasks, 2649 threads, 8 processors
Load average: 4.03, Mach factor: 3.96
/bin/machine           = unknown
/usr/bin/oslevel       = unknown
/bin/universe          = unknown

PATH: /Users/hiroakifujita/.pyenv/versions/anaconda3-5.3.1/bin
PATH: /Users/hiroakifujita/.pyenv/versions/anaconda3-5.3.1/condabin
PATH: /Library/Frameworks/Python.framework/Versions/3.6/bin
PATH: /Users/hiroakifujita/.cargo/bin
PATH: ~/.pyenv/versions/anaconda3-5.3.1/bin
PATH: ~/.pyenv/versions/anaconda3-5.2.0/bin
PATH: ~/.pyenv/versions/anaconda3-5.2.0/bin
PATH: ~/.pyenv/versions/anaconda3-5.2.0/bin
PATH: /usr/local/bin
PATH: /usr/bin
PATH: /bin
PATH: /usr/sbin
PATH: /sbin
PATH: /usr/local/ncbi/blast/bin
PATH: /opt/X11/bin
PATH: /Users/hiroakifujita/.local/bin/cutadapt


## ----------- ##
## Core tests. ##
## ----------- ##

configure:1668: checking for a BSD-compatible install
configure:1724: result: /usr/local/bin/ginstall -c
configure:1735: checking whether build environment is sane
configure:1778: result: yes
configure:1793: checking whether make sets $(MAKE)
configure:1814: result: yes
configure:1846: checking for working aclocal-1.4
configure:1857: result: missing
configure:1861: checking for working autoconf
configure:1868: result: found
configure:1876: checking for working automake-1.4
configure:1887: result: missing
configure:1891: checking for working autoheader
configure:1898: result: found
configure:1906: checking for working makeinfo
configure:1913: result: found
configure:1935: checking for a BSD-compatible install
configure:1991: result: /usr/local/bin/ginstall -c
configure:2027: checking for mecab-config
configure:2045: found /usr/local/bin/mecab-config
configure:2057: result: /usr/local/bin/mecab-config
configure:2246: creating ./config.status

## ---------------------- ##
## Running config.status. ##
## ---------------------- ##

This file was extended by config.status, which was
generated by GNU Autoconf 2.60.  Invocation command line was

  CONFIG_FILES    = 
  CONFIG_HEADERS  = 
  CONFIG_LINKS    = 
  CONFIG_COMMANDS = 
  $ ./config.status 

on h91.65.225.10.10006.vlan.kuins.net

config.status:571: creating Makefile

## ---------------- ##
## Cache variables. ##
## ---------------- ##

ac_cv_env_build_alias_set=
ac_cv_env_build_alias_value=
ac_cv_env_host_alias_set=
ac_cv_env_host_alias_value=
ac_cv_env_target_alias_set=
ac_cv_env_target_alias_value=
ac_cv_path_MECAB_CONFIG=/usr/local/bin/mecab-config
ac_cv_path_install='/usr/local/bin/ginstall -c'
ac_cv_prog_make_make_set=yes

## ----------------- ##
## Output variables. ##
## ----------------- ##

ACLOCAL='/Users/hiroakifujita/Desktop/学会、研究会/2303xx_生態学会69/R/mecab_user_dic/mecab-ipadic-2.7.0-20070801/missing aclocal-1.4'
AUTOCONF='autoconf'
AUTOHEADER='autoheader'
AUTOMAKE='/Users/hiroakifujita/Desktop/学会、研究会/2303xx_生態学会69/R/mecab_user_dic/mecab-ipadic-2.7.0-20070801/missing automake-1.4'
CHARSET='euc-jp'
DEFS='-DPACKAGE_NAME=\"\" -DPACKAGE_TARNAME=\"\" -DPACKAGE_VERSION=\"\" -DPACKAGE_STRING=\"\" -DPACKAGE_BUGREPORT=\"\" -DPACKAGE=\"mecab-ipadic\" -DVERSION=\"2.7.0-20070801\"'
ECHO_C='ECHO_N=''
ECHO_T=''
INSTALL_DATA='${INSTALL} -m 644'
INSTALL_PROGRAM='${INSTALL}'
INSTALL_SCRIPT='${INSTALL}'
LIBOBJS=''
LIBS=''
LTLIBOBJS=''
MAKEINFO='makeinfo'
MECAB_CONFIG='/usr/local/bin/mecab-config'
MECAB_DICDIR='/usr/local/lib/mecab/dic/ipadic'
MECAB_DICT_INDEX='/usr/local/Cellar/mecab/0.996/libexec/mecab/mecab-dict-index'
MECAB_GENDATA='matrix.bin char.bin sys.dic unk.dic'
MECAB_LEXICAL_DIC='Adj.csv Adnominal.csv Adverb.csv Auxil.csv Conjunction.csv Filler.csv Interjection.csv Noun.adjv.csv Noun.adverbal.csv Noun.csv Noun.demonst.csv Noun.nai.csv Noun.name.csv Noun.number.csv Noun.org.csv Noun.others.csv Noun.place.csv Noun.proper.csv Noun.verbal.csv Others.csv Postp-col.csv Postp.csv Prefix.csv Suffix.csv Symbol.csv Verb.csv'
MECAB_MECABRC='/usr/local/etc/mecabrc'
MECAB_PREDATA='char.def feature.def left-id.def matrix.def pos-id.def rewrite.def right-id.def unk.def dicrc'
PACKAGE='mecab-ipadic'
PACKAGE_BUGREPORT=''
PACKAGE_NAME=''
PACKAGE_STRING=''
PACKAGE_TARNAME=''
PACKAGE_VERSION=''
PATH_SEPARATOR=':'
SET_MAKE=''
SHELL='/bin/sh'
VERSION='2.7.0-20070801'
bindir='${exec_prefix}/bin'
build_alias=''
datadir='${datarootdir}'
datarootdir='${prefix}/share'
docdir='${datarootdir}/doc/${PACKAGE}'
dvidir='${docdir}'
exec_prefix='${prefix}'
host_alias=''
htmldir='${docdir}'
includedir='${prefix}/include'
infodir='${datarootdir}/info'
libdir='${exec_prefix}/lib'
libexecdir='${exec_prefix}/libexec'
localedir='${datarootdir}/locale'
localstatedir='${prefix}/var'
mandir='${datarootdir}/man'
oldincludedir='/usr/include'
pdfdir='${docdir}'
prefix='/usr/local'
program_transform_name='s,x,x,'
psdir='${docdir}'
sbindir='${exec_prefix}/sbin'
sharedstatedir='${prefix}/com'
sysconfdir='${prefix}/etc'
target_alias=''

## ----------- ##
## confdefs.h. ##
## ----------- ##

#define PACKAGE_NAME ""
#define PACKAGE_TARNAME ""
#define PACKAGE_VERSION ""
#define PACKAGE_STRING ""
#define PACKAGE_BUGREPORT ""
#define PACKAGE "mecab-ipadic"
#define VERSION "2.7.0-20070801"

configure: exit 0
